TN:
SF:src/app.controller.ts
FN:6,(anonymous_2)
FN:9,(anonymous_3)
FNF:2
FNH:2
FNDA:1,(anonymous_2)
FNDA:1,(anonymous_3)
DA:1,1
DA:2,1
DA:5,1
DA:6,1
DA:9,1
DA:10,1
LF:6
LH:6
BRDA:6,0,0,1
BRDA:6,0,1,0
BRDA:6,1,0,1
BRDA:6,1,1,1
BRF:4
BRH:3
end_of_record
TN:
SF:src/app.service.ts
FN:5,(anonymous_1)
FNF:1
FNH:1
FNDA:1,(anonymous_1)
DA:1,1
DA:4,1
DA:6,1
LF:3
LH:3
BRF:0
BRH:0
end_of_record
TN:
SF:src/auth/auth.controller.ts
FN:19,(anonymous_4)
FN:22,(anonymous_5)
FN:33,(anonymous_6)
FN:39,(anonymous_7)
FNF:4
FNH:3
FNDA:4,(anonymous_4)
FNDA:2,(anonymous_5)
FNDA:0,(anonymous_6)
FNDA:1,(anonymous_7)
DA:1,1
DA:9,1
DA:10,1
DA:11,1
DA:12,1
DA:14,1
DA:18,1
DA:19,4
DA:22,1
DA:23,2
DA:24,2
DA:25,1
DA:27,1
DA:28,1
DA:33,1
DA:34,0
DA:39,1
DA:43,1
DA:44,1
DA:45,1
LF:20
LH:19
BRDA:24,0,0,1
BRDA:24,0,1,1
BRDA:44,1,0,1
BRDA:44,1,1,0
BRDA:22,2,0,1
BRDA:22,2,1,0
BRDA:22,3,0,1
BRDA:22,3,1,1
BRDA:41,4,0,1
BRDA:41,4,1,0
BRDA:41,5,0,1
BRDA:41,5,1,1
BRDA:19,6,0,1
BRDA:19,6,1,0
BRDA:19,7,0,1
BRDA:19,7,1,1
BRF:16
BRH:12
end_of_record
TN:
SF:src/auth/auth.service.ts
FN:18,(anonymous_13)
FN:25,(anonymous_14)
FN:34,(anonymous_15)
FN:85,(anonymous_16)
FN:100,(anonymous_17)
FN:112,(anonymous_18)
FNF:6
FNH:6
FNDA:9,(anonymous_13)
FNDA:5,(anonymous_14)
FNDA:3,(anonymous_15)
FNDA:2,(anonymous_16)
FNDA:1,(anonymous_17)
FNDA:3,(anonymous_18)
DA:1,2
DA:2,2
DA:3,2
DA:4,2
DA:5,2
DA:6,2
DA:7,2
DA:17,2
DA:19,9
DA:20,9
DA:23,9
DA:26,5
DA:27,3
DA:28,3
DA:29,3
DA:30,3
DA:31,3
DA:35,3
DA:36,3
DA:37,1
DA:38,1
DA:39,1
DA:40,0
DA:42,1
DA:43,1
DA:49,1
DA:52,1
DA:57,3
DA:58,3
DA:59,3
DA:60,2
DA:61,2
DA:62,2
DA:63,1
DA:64,1
DA:66,1
DA:67,1
DA:68,1
DA:69,1
DA:70,1
DA:71,1
DA:72,1
DA:74,0
DA:80,0
DA:86,2
DA:87,2
DA:89,2
DA:90,2
DA:92,1
DA:101,1
DA:102,1
DA:103,1
DA:104,1
DA:117,3
DA:118,3
DA:119,1
DA:121,2
DA:122,2
DA:123,0
DA:125,2
DA:126,1
DA:132,1
DA:133,1
DA:134,1
DA:135,1
DA:136,1
LF:66
LH:62
BRDA:26,0,0,2
BRDA:26,0,1,3
BRDA:26,1,0,5
BRDA:26,1,1,5
BRDA:31,2,0,3
BRDA:31,2,1,3
BRDA:31,2,2,3
BRDA:31,2,3,3
BRDA:36,3,0,1
BRDA:36,3,1,2
BRDA:37,4,0,1
BRDA:37,4,1,0
BRDA:38,5,0,1
BRDA:38,5,1,0
BRDA:39,6,0,0
BRDA:39,6,1,1
BRDA:57,7,0,3
BRDA:57,7,1,1
BRDA:58,8,0,3
BRDA:58,8,1,3
BRDA:58,8,2,1
BRDA:59,9,0,2
BRDA:59,9,1,1
BRDA:60,10,0,2
BRDA:60,10,1,0
BRDA:61,11,0,2
BRDA:61,11,1,0
BRDA:62,12,0,1
BRDA:62,12,1,1
BRDA:68,13,0,1
BRDA:68,13,1,0
BRDA:87,14,0,0
BRDA:87,14,1,2
BRDA:90,15,0,1
BRDA:90,15,1,1
BRDA:118,16,0,1
BRDA:118,16,1,2
BRDA:122,17,0,0
BRDA:122,17,1,2
BRDA:125,18,0,1
BRDA:125,18,1,1
BRDA:19,19,0,2
BRDA:19,19,1,0
BRDA:19,20,0,2
BRDA:19,20,1,2
BRDA:19,21,0,2
BRDA:19,21,1,0
BRDA:19,22,0,2
BRDA:19,22,1,2
BRF:49
BRH:39
end_of_record
TN:
SF:src/auth/jwt-auth.guard.ts
FN:6,(anonymous_1)
FNF:1
FNH:1
FNDA:2,(anonymous_1)
DA:1,8
DA:2,8
DA:5,8
DA:7,2
DA:8,1
DA:10,1
LF:6
LH:6
BRDA:7,0,0,1
BRDA:7,0,1,1
BRF:2
BRH:2
end_of_record
TN:
SF:src/auth/dto/change-password.dto.ts
FNF:0
FNH:0
DA:1,1
DA:3,1
DA:6,1
DA:10,1
LF:4
LH:4
BRF:0
BRH:0
end_of_record
TN:
SF:src/auth/dto/login.dto.ts
FNF:0
FNH:0
DA:1,1
DA:3,1
DA:5,1
DA:8,1
LF:4
LH:4
BRF:0
BRH:0
end_of_record
TN:
SF:src/clients/clients.controller.ts
FN:11,(anonymous_4)
FN:13,(anonymous_5)
FN:21,(anonymous_6)
FNF:3
FNH:3
FNDA:5,(anonymous_4)
FNDA:3,(anonymous_5)
FNDA:2,(anonymous_6)
DA:1,1
DA:2,1
DA:3,1
DA:4,1
DA:5,1
DA:10,1
DA:11,5
DA:13,1
DA:14,3
DA:15,3
DA:16,3
DA:17,3
DA:21,1
DA:22,2
DA:23,2
LF:15
LH:15
BRDA:14,0,0,2
BRDA:14,0,1,1
BRDA:15,1,0,2
BRDA:15,1,1,1
BRDA:21,2,0,1
BRDA:21,2,1,0
BRDA:21,3,0,1
BRDA:21,3,1,1
BRDA:11,4,0,1
BRDA:11,4,1,0
BRDA:11,5,0,1
BRDA:11,5,1,1
BRF:12
BRH:10
end_of_record
TN:
SF:src/clients/clients.service.ts
FN:10,(anonymous_4)
FN:16,(anonymous_5)
FN:35,(anonymous_6)
FN:40,(anonymous_7)
FN:50,(anonymous_8)
FN:54,(anonymous_9)
FN:61,(anonymous_10)
FNF:7
FNH:7
FNDA:4,(anonymous_4)
FNDA:3,(anonymous_5)
FNDA:3,(anonymous_6)
FNDA:3,(anonymous_7)
FNDA:3,(anonymous_8)
FNDA:2,(anonymous_9)
FNDA:1,(anonymous_10)
DA:1,2
DA:2,2
DA:3,2
DA:4,2
DA:5,2
DA:6,2
DA:9,2
DA:11,4
DA:12,4
DA:13,4
DA:27,3
DA:33,3
DA:35,3
DA:36,3
DA:37,3
DA:38,3
DA:40,3
DA:43,3
DA:44,2
DA:45,2
DA:46,2
DA:50,3
DA:51,3
DA:52,3
DA:53,3
DA:54,2
DA:56,3
DA:57,3
DA:62,1
DA:63,1
DA:64,1
DA:65,1
LF:32
LH:32
BRDA:17,0,0,3
BRDA:18,1,0,3
BRDA:37,2,0,3
BRDA:37,2,1,0
BRDA:44,3,0,2
BRDA:44,3,1,2
BRDA:44,4,0,2
BRDA:44,4,1,0
BRDA:46,5,0,2
BRDA:46,5,1,0
BRDA:51,6,0,3
BRDA:51,6,1,1
BRDA:54,7,0,2
BRDA:54,7,1,2
BRDA:56,8,0,1
BRDA:56,8,1,2
BRDA:11,9,0,2
BRDA:11,9,1,0
BRDA:11,10,0,2
BRDA:11,10,1,2
BRDA:11,11,0,2
BRDA:11,11,1,0
BRDA:11,12,0,2
BRDA:11,12,1,2
BRDA:12,13,0,2
BRDA:12,13,1,0
BRDA:12,14,0,2
BRDA:12,14,1,2
BRF:28
BRH:22
end_of_record
TN:
SF:src/clients/dto/create-client.dto.ts
FNF:0
FNH:0
DA:1,1
DA:3,1
DA:6,1
DA:10,1
DA:14,1
LF:5
LH:5
BRF:0
BRH:0
end_of_record
TN:
SF:src/config/oauth.config.ts
FNF:0
FNH:0
DA:1,1
LF:1
LH:1
BRF:0
BRH:0
end_of_record
TN:
SF:src/entities/client.entity.ts
FNF:0
FNH:0
DA:1,13
DA:9,13
DA:11,13
DA:14,13
DA:17,13
DA:20,13
DA:23,13
LF:7
LH:7
BRDA:23,0,0,13
BRDA:23,0,1,0
BRDA:23,1,0,13
BRDA:23,1,1,13
BRF:4
BRH:3
end_of_record
TN:
SF:src/entities/event.entity.ts
FN:19,(anonymous_2)
FN:38,(anonymous_3)
FNF:2
FNH:0
FNDA:0,(anonymous_2)
FNDA:0,(anonymous_3)
DA:1,6
DA:9,6
DA:15,6
DA:17,6
DA:19,0
DA:21,6
DA:24,6
DA:27,6
DA:30,6
DA:33,6
DA:36,6
DA:38,0
DA:39,6
DA:42,6
DA:45,6
LF:15
LH:13
BRDA:21,0,0,6
BRDA:21,0,1,0
BRDA:21,1,0,6
BRDA:21,1,1,6
BRDA:39,2,0,6
BRDA:39,2,1,0
BRDA:39,3,0,6
BRDA:39,3,1,6
BRF:8
BRH:6
end_of_record
TN:
SF:src/entities/mailbox.entity.ts
FN:38,(anonymous_2)
FNF:1
FNH:0
FNDA:0,(anonymous_2)
DA:1,13
DA:12,13
DA:19,13
DA:21,13
DA:24,13
DA:27,13
DA:30,13
DA:33,13
DA:36,13
DA:38,0
DA:40,13
DA:43,13
DA:46,13
DA:49,13
LF:14
LH:13
BRDA:40,0,0,13
BRDA:40,0,1,0
BRDA:40,1,0,13
BRDA:40,1,1,13
BRDA:46,2,0,13
BRDA:46,2,1,0
BRDA:46,3,0,13
BRDA:46,3,1,13
BRDA:49,4,0,13
BRDA:49,4,1,0
BRDA:49,5,0,13
BRDA:49,5,1,13
BRF:12
BRH:9
end_of_record
TN:
SF:src/entities/user.entity.ts
FNF:0
FNH:0
DA:1,2
DA:9,2
DA:11,2
DA:14,2
DA:17,2
DA:20,2
DA:23,2
DA:26,2
LF:8
LH:8
BRDA:26,0,0,2
BRDA:26,0,1,0
BRDA:26,1,0,2
BRDA:26,1,1,2
BRF:4
BRH:3
end_of_record
TN:
SF:src/events/events.controller.ts
FN:20,(anonymous_4)
FN:23,(anonymous_5)
FN:48,(anonymous_6)
FNF:3
FNH:3
FNDA:7,(anonymous_4)
FNDA:5,(anonymous_5)
FNDA:2,(anonymous_6)
DA:1,1
DA:11,1
DA:12,1
DA:13,1
DA:15,1
DA:19,1
DA:20,7
DA:23,1
DA:24,5
DA:25,5
DA:26,4
DA:27,4
DA:28,1
DA:31,4
DA:42,4
DA:43,4
DA:48,1
DA:55,2
DA:56,2
DA:57,2
DA:58,2
DA:59,2
LF:22
LH:22
BRDA:25,0,0,4
BRDA:25,0,1,1
BRDA:27,1,0,1
BRDA:27,1,1,3
BRDA:27,2,0,4
BRDA:27,2,1,4
BRDA:35,3,0,0
BRDA:35,3,1,4
BRDA:36,4,0,4
BRDA:36,4,1,4
BRDA:37,5,0,4
BRDA:37,5,1,4
BRDA:38,6,0,4
BRDA:38,6,1,4
BRDA:39,7,0,4
BRDA:39,7,1,4
BRDA:49,8,0,0
BRDA:56,9,0,1
BRDA:56,9,1,1
BRDA:56,10,0,2
BRDA:56,10,1,1
BRDA:23,11,0,1
BRDA:23,11,1,0
BRDA:23,12,0,1
BRDA:23,12,1,1
BRDA:20,13,0,1
BRDA:20,13,1,0
BRDA:20,14,0,1
BRDA:20,14,1,1
BRF:29
BRH:25
end_of_record
TN:
SF:src/events/events.service.ts
FN:9,(anonymous_4)
FN:14,(anonymous_5)
FN:21,(anonymous_6)
FNF:3
FNH:3
FNDA:4,(anonymous_4)
FNDA:1,(anonymous_5)
FNDA:3,(anonymous_6)
DA:1,6
DA:2,6
DA:3,6
DA:4,6
DA:5,6
DA:8,6
DA:10,4
DA:11,4
DA:15,1
DA:16,1
DA:17,1
DA:18,1
DA:29,3
DA:32,3
DA:33,3
DA:36,3
DA:37,3
DA:44,3
DA:45,2
DA:50,3
DA:51,2
DA:53,3
DA:54,1
DA:55,1
DA:56,1
DA:57,1
DA:62,3
DA:63,1
DA:64,1
DA:65,1
DA:68,3
LF:31
LH:31
BRDA:22,0,0,0
BRDA:26,1,0,1
BRDA:29,2,0,2
BRDA:29,2,1,1
BRDA:29,3,0,3
BRDA:29,3,1,3
BRDA:33,4,0,2
BRDA:33,4,1,1
BRDA:33,5,0,3
BRDA:33,5,1,3
BRDA:44,6,0,2
BRDA:44,6,1,1
BRDA:50,7,0,2
BRDA:50,7,1,1
BRDA:53,8,0,1
BRDA:53,8,1,2
BRDA:62,9,0,1
BRDA:62,9,1,2
BRDA:64,10,0,1
BRDA:64,10,1,0
BRDA:10,11,0,6
BRDA:10,11,1,0
BRDA:10,12,0,6
BRDA:10,12,1,6
BRDA:10,13,0,6
BRDA:10,13,1,0
BRDA:10,14,0,6
BRDA:10,14,1,6
BRF:28
BRH:24
end_of_record
TN:
SF:src/events/dto/create-event.dto.ts
FNF:0
FNH:0
DA:1,1
DA:10,1
DA:12,1
DA:15,1
DA:18,1
DA:22,1
DA:26,1
DA:30,1
DA:34,1
DA:38,1
LF:10
LH:10
BRDA:38,0,0,1
BRDA:38,0,1,0
BRDA:38,1,0,1
BRDA:38,1,1,1
BRF:4
BRH:3
end_of_record
TN:
SF:src/health/health.controller.ts
FN:10,(anonymous_2)
FN:17,(anonymous_3)
FN:18,(anonymous_4)
FNF:3
FNH:3
FNDA:2,(anonymous_2)
FNDA:1,(anonymous_3)
FNDA:1,(anonymous_4)
DA:1,1
DA:2,1
DA:9,1
DA:11,2
DA:12,2
DA:17,1
DA:18,1
LF:7
LH:7
BRDA:11,0,0,1
BRDA:11,0,1,0
BRDA:11,1,0,1
BRDA:11,1,1,1
BRDA:11,2,0,1
BRDA:11,2,1,0
BRDA:11,3,0,1
BRDA:11,3,1,1
BRF:8
BRH:6
end_of_record
TN:
SF:src/mail/mail.controller.ts
FN:20,(anonymous_4)
FN:25,(anonymous_5)
FN:57,(anonymous_6)
FNF:3
FNH:3
FNDA:3,(anonymous_4)
FNDA:2,(anonymous_5)
FNDA:1,(anonymous_6)
DA:1,1
DA:11,1
DA:12,1
DA:13,1
DA:16,1
DA:19,1
DA:20,3
DA:25,1
DA:32,2
DA:33,2
DA:34,0
DA:36,2
DA:37,1
DA:42,1
DA:43,0
DA:44,1
DA:45,0
DA:46,0
DA:48,1
DA:51,2
DA:52,2
DA:57,1
DA:58,1
DA:59,1
LF:24
LH:20
BRDA:33,0,0,0
BRDA:33,0,1,2
BRDA:33,1,0,2
BRDA:33,1,1,2
BRDA:36,2,0,1
BRDA:36,2,1,1
BRDA:42,3,0,0
BRDA:42,3,1,1
BRDA:44,4,0,0
BRDA:44,4,1,1
BRDA:26,5,0,1
BRDA:26,5,1,0
BRDA:26,6,0,1
BRDA:26,6,1,1
BRDA:20,7,0,1
BRDA:20,7,1,0
BRDA:20,8,0,1
BRDA:20,8,1,1
BRF:18
BRH:13
end_of_record
TN:
SF:src/mail/mail.service.ts
FN:29,(anonymous_5)
FN:35,(anonymous_6)
FN:45,(anonymous_7)
FN:55,(anonymous_8)
FN:62,(anonymous_9)
FN:73,(anonymous_10)
FN:82,(anonymous_11)
FN:95,(anonymous_12)
FNF:8
FNH:6
FNDA:6,(anonymous_5)
FNDA:0,(anonymous_6)
FNDA:0,(anonymous_7)
FNDA:1,(anonymous_8)
FNDA:1,(anonymous_9)
FNDA:1,(anonymous_10)
FNDA:2,(anonymous_11)
FNDA:3,(anonymous_12)
DA:1,2
DA:8,2
DA:9,2
DA:10,2
DA:11,2
DA:13,2
DA:14,2
DA:19,2
DA:22,2
DA:23,6
DA:30,6
DA:31,6
DA:32,6
DA:36,0
DA:37,0
DA:40,0
DA:43,0
DA:46,0
DA:52,0
DA:56,1
DA:57,1
DA:58,1
DA:63,1
DA:69,1
DA:70,1
DA:76,1
DA:82,2
DA:96,3
DA:99,3
DA:100,3
DA:102,3
DA:103,3
DA:105,1
DA:117,1
DA:118,1
DA:119,1
DA:122,2
DA:134,2
DA:135,2
DA:137,1
DA:149,1
DA:150,1
DA:151,1
LF:43
LH:37
BRDA:56,0,0,1
BRDA:56,0,1,0
BRDA:57,1,0,1
BRDA:57,1,1,0
BRDA:58,2,0,1
BRDA:58,2,1,0
BRDA:85,3,0,0
BRDA:85,3,1,2
BRDA:87,4,0,0
BRDA:87,4,1,2
BRDA:89,5,0,1
BRDA:89,5,1,1
BRDA:102,6,0,3
BRDA:102,6,1,3
BRDA:102,6,2,1
BRDA:103,7,0,1
BRDA:103,7,1,2
BRDA:110,8,0,1
BRDA:110,8,1,0
BRDA:112,9,0,1
BRDA:112,9,1,1
BRDA:114,10,0,1
BRDA:114,10,1,1
BRDA:115,11,0,0
BRDA:115,11,1,1
BRDA:117,12,0,1
BRDA:117,12,1,0
BRDA:127,13,0,2
BRDA:127,13,1,0
BRDA:129,14,0,2
BRDA:129,14,1,2
BRDA:131,15,0,2
BRDA:131,15,1,2
BRDA:132,16,0,0
BRDA:132,16,1,2
BRDA:134,17,0,2
BRDA:134,17,1,0
BRDA:142,18,0,1
BRDA:142,18,1,0
BRDA:144,19,0,1
BRDA:144,19,1,1
BRDA:146,20,0,1
BRDA:146,20,1,1
BRDA:147,21,0,0
BRDA:147,21,1,1
BRDA:149,22,0,1
BRDA:149,22,1,0
BRDA:30,23,0,2
BRDA:30,23,1,0
BRDA:30,24,0,2
BRDA:30,24,1,2
BRDA:30,25,0,2
BRDA:30,25,1,0
BRDA:30,26,0,2
BRDA:30,26,1,2
BRDA:31,27,0,2
BRDA:31,27,1,0
BRDA:31,28,0,2
BRDA:31,28,1,2
BRF:59
BRH:42
end_of_record
TN:
SF:src/mail/dto/send-mail.dto.ts
FN:23,(anonymous_2)
FN:41,(anonymous_3)
FNF:2
FNH:0
FNDA:0,(anonymous_2)
FNDA:0,(anonymous_3)
DA:1,1
DA:9,1
DA:11,1
DA:13,1
DA:16,1
DA:19,1
DA:22,1
DA:23,0
DA:25,1
DA:29,1
DA:32,1
DA:36,1
DA:41,0
DA:42,1
LF:14
LH:12
BRF:0
BRH:0
end_of_record
TN:
SF:src/mailboxes/mailboxes.controller.ts
FN:26,(anonymous_4)
FN:33,(anonymous_5)
FN:42,(anonymous_6)
FN:49,(anonymous_7)
FN:56,(anonymous_8)
FN:78,(anonymous_9)
FN:161,(anonymous_10)
FNF:7
FNH:7
FNDA:15,(anonymous_4)
FNDA:2,(anonymous_5)
FNDA:1,(anonymous_6)
FNDA:1,(anonymous_7)
FNDA:1,(anonymous_8)
FNDA:5,(anonymous_9)
FNDA:4,(anonymous_10)
DA:1,1
DA:13,1
DA:14,1
DA:16,1
DA:18,1
DA:19,1
DA:20,1
DA:21,1
DA:22,1
DA:25,1
DA:27,15
DA:28,15
DA:33,1
DA:34,2
DA:35,2
DA:36,2
DA:37,2
DA:42,1
DA:43,1
DA:44,1
DA:49,1
DA:50,1
DA:51,1
DA:56,1
DA:64,1
DA:65,1
DA:73,1
DA:78,1
DA:83,5
DA:84,5
DA:86,5
DA:89,5
DA:90,5
DA:91,5
DA:93,5
DA:94,2
DA:95,2
DA:96,1
DA:102,1
DA:103,1
DA:104,1
DA:105,1
DA:106,1
DA:107,1
DA:124,3
DA:126,2
DA:128,2
DA:129,1
DA:135,1
DA:136,1
DA:137,1
DA:138,1
DA:139,1
DA:140,1
DA:141,1
DA:142,1
DA:146,1
DA:155,1
DA:157,1
DA:161,1
DA:166,4
DA:167,4
DA:169,4
DA:170,4
DA:171,1
DA:173,1
DA:176,1
DA:177,1
DA:178,1
DA:179,0
DA:182,0
DA:183,0
DA:186,1
DA:187,1
DA:188,1
DA:191,0
DA:194,3
DA:196,3
DA:197,3
DA:198,3
DA:199,3
DA:200,3
DA:201,3
DA:202,2
DA:203,2
DA:204,2
DA:205,2
DA:206,2
DA:207,2
DA:208,2
DA:209,2
DA:210,1
DA:212,0
DA:215,0
DA:217,0
DA:218,0
DA:219,0
DA:220,0
DA:221,0
DA:222,0
DA:224,1
DA:225,1
DA:228,2
DA:233,1
DA:234,1
DA:235,1
DA:236,1
DA:239,0
DA:240,0
DA:241,0
DA:243,0
DA:251,0
DA:257,1
DA:258,1
LF:114
LH:97
BRDA:34,0,0,1
BRDA:34,0,1,1
BRDA:35,1,0,1
BRDA:35,1,1,1
BRDA:64,2,0,1
BRDA:64,2,1,0
BRDA:84,3,0,5
BRDA:84,3,1,1
BRDA:86,4,0,5
BRDA:86,4,1,4
BRDA:86,4,2,4
BRDA:89,5,0,5
BRDA:89,5,1,5
BRDA:89,5,2,5
BRDA:93,6,0,2
BRDA:93,6,1,3
BRDA:95,7,0,1
BRDA:95,7,1,1
BRDA:102,8,0,1
BRDA:102,8,1,0
BRDA:106,9,0,1
BRDA:106,9,1,0
BRDA:121,10,0,1
BRDA:121,10,1,0
BRDA:124,11,0,2
BRDA:124,11,1,1
BRDA:124,12,0,3
BRDA:124,12,1,1
BRDA:126,13,0,2
BRDA:126,13,1,1
BRDA:128,14,0,1
BRDA:128,14,1,1
BRDA:135,15,0,1
BRDA:135,15,1,0
BRDA:141,16,0,1
BRDA:141,16,1,0
BRDA:142,17,0,1
BRDA:142,17,1,0
BRDA:170,18,0,1
BRDA:170,18,1,3
BRDA:173,19,0,1
BRDA:173,19,1,1
BRDA:173,19,2,1
BRDA:178,20,0,0
BRDA:178,20,1,1
BRDA:178,21,0,1
BRDA:178,21,1,1
BRDA:182,22,0,0
BRDA:182,22,1,0
BRDA:183,23,0,0
BRDA:183,23,1,0
BRDA:186,24,0,1
BRDA:186,24,1,0
BRDA:194,25,0,3
BRDA:194,25,1,3
BRDA:196,26,0,3
BRDA:196,26,1,0
BRDA:198,27,0,3
BRDA:198,27,1,0
BRDA:201,28,0,2
BRDA:201,28,1,1
BRDA:210,29,0,0
BRDA:210,29,1,1
BRDA:210,30,0,1
BRDA:210,30,1,1
BRDA:212,31,0,0
BRDA:212,31,1,0
BRDA:215,32,0,0
BRDA:215,32,1,0
BRDA:234,33,0,1
BRDA:234,33,1,0
BRDA:234,34,0,1
BRDA:234,34,1,0
BRDA:235,35,0,1
BRDA:235,35,1,0
BRDA:235,35,2,0
BRDA:240,36,0,0
BRDA:240,36,1,0
BRDA:241,37,0,0
BRDA:241,37,1,0
BRDA:257,38,0,1
BRDA:257,38,1,0
BRDA:80,39,0,1
BRDA:80,39,1,0
BRDA:80,40,0,1
BRDA:80,40,1,1
BRDA:163,41,0,1
BRDA:163,41,1,0
BRDA:163,42,0,1
BRDA:163,42,1,1
BRDA:27,43,0,1
BRDA:27,43,1,0
BRDA:27,44,0,1
BRDA:27,44,1,1
BRDA:27,45,0,1
BRDA:27,45,1,0
BRDA:27,46,0,1
BRDA:27,46,1,1
BRF:98
BRH:65
end_of_record
TN:
SF:src/mailboxes/mailboxes.service.ts
FN:10,(anonymous_4)
FN:16,(anonymous_5)
FN:41,(anonymous_6)
FN:49,(anonymous_7)
FN:57,(anonymous_8)
FN:70,(anonymous_9)
FNF:6
FNH:6
FNDA:10,(anonymous_4)
FNDA:2,(anonymous_5)
FNDA:3,(anonymous_6)
FNDA:1,(anonymous_7)
FNDA:2,(anonymous_8)
FNDA:4,(anonymous_9)
DA:1,2
DA:2,2
DA:3,2
DA:4,2
DA:5,2
DA:6,2
DA:9,2
DA:11,10
DA:12,10
DA:13,10
DA:26,2
DA:40,2
DA:41,2
DA:43,3
DA:45,3
DA:50,1
DA:52,1
DA:58,2
DA:59,2
DA:60,1
DA:61,1
DA:62,1
DA:66,1
DA:67,1
DA:78,4
DA:80,4
DA:86,4
DA:87,1
DA:88,1
DA:89,1
DA:91,1
DA:96,1
DA:97,1
DA:99,0
DA:100,0
DA:101,0
DA:105,3
DA:106,3
DA:107,3
DA:108,3
DA:109,3
DA:113,3
DA:114,1
DA:115,1
DA:116,1
DA:118,1
DA:119,1
DA:120,1
DA:124,1
DA:125,1
DA:128,2
DA:137,2
DA:138,2
DA:142,2
DA:143,2
LF:55
LH:52
BRDA:17,0,0,2
BRDA:18,1,0,2
BRDA:43,2,0,2
BRDA:43,2,1,1
BRDA:43,3,0,3
BRDA:43,3,1,2
BRDA:57,4,0,2
BRDA:59,5,0,1
BRDA:59,5,1,1
BRDA:78,6,0,4
BRDA:78,6,1,0
BRDA:80,7,0,4
BRDA:80,7,1,0
BRDA:80,8,0,4
BRDA:80,8,1,0
BRDA:82,9,0,0
BRDA:82,9,1,0
BRDA:82,10,0,0
BRDA:82,10,1,0
BRDA:86,11,0,1
BRDA:86,11,1,3
BRDA:88,12,0,1
BRDA:88,12,1,0
BRDA:89,13,0,1
BRDA:89,13,1,0
BRDA:91,14,0,0
BRDA:91,14,1,1
BRDA:91,15,0,1
BRDA:91,15,1,1
BRDA:93,16,0,1
BRDA:93,16,1,0
BRDA:93,17,0,1
BRDA:93,17,1,1
BRDA:96,18,0,1
BRDA:96,18,1,0
BRDA:96,19,0,1
BRDA:96,19,1,1
BRDA:99,20,0,0
BRDA:99,20,1,0
BRDA:106,21,0,3
BRDA:106,21,1,0
BRDA:107,22,0,0
BRDA:107,22,1,3
BRDA:109,23,0,2
BRDA:109,23,1,1
BRDA:113,24,0,1
BRDA:113,24,1,2
BRDA:115,25,0,1
BRDA:115,25,1,0
BRDA:115,26,0,1
BRDA:115,26,1,1
BRDA:115,26,2,1
BRDA:132,27,0,2
BRDA:132,27,1,1
BRDA:134,28,0,2
BRDA:134,28,1,2
BRDA:11,29,0,2
BRDA:11,29,1,0
BRDA:11,30,0,2
BRDA:11,30,1,2
BRDA:11,31,0,2
BRDA:11,31,1,0
BRDA:11,32,0,2
BRDA:11,32,1,2
BRDA:12,33,0,2
BRDA:12,33,1,0
BRDA:12,34,0,2
BRDA:12,34,1,2
BRF:68
BRH:48
end_of_record
TN:
SF:src/mailboxes/dto/oauth-callback-query.dto.ts
FNF:0
FNH:0
DA:1,1
DA:3,1
DA:6,1
DA:10,1
DA:14,1
DA:18,1
LF:6
LH:6
BRF:0
BRH:0
end_of_record
TN:
SF:src/mailboxes/dto/oauth-redirect-query.dto.ts
FNF:0
FNH:0
DA:1,1
DA:3,1
DA:6,1
DA:10,1
DA:15,1
LF:5
LH:5
BRF:0
BRH:0
end_of_record
TN:
SF:src/settings/settings.controller.ts
FN:8,(anonymous_2)
FN:10,(anonymous_3)
FN:15,(anonymous_4)
FN:20,(anonymous_5)
FN:25,(anonymous_6)
FN:30,(anonymous_7)
FN:47,(anonymous_8)
FN:56,(anonymous_9)
FNF:8
FNH:7
FNDA:12,(anonymous_2)
FNDA:1,(anonymous_3)
FNDA:1,(anonymous_4)
FNDA:1,(anonymous_5)
FNDA:0,(anonymous_6)
FNDA:4,(anonymous_7)
FNDA:2,(anonymous_8)
FNDA:2,(anonymous_9)
DA:1,1
DA:2,1
DA:3,1
DA:7,1
DA:8,12
DA:10,1
DA:11,1
DA:15,1
DA:16,1
DA:20,1
DA:21,1
DA:25,1
DA:26,0
DA:30,1
DA:31,4
DA:32,4
DA:33,4
DA:34,3
DA:35,2
DA:47,1
DA:48,2
DA:56,1
DA:57,2
DA:58,1
LF:24
LH:23
BRDA:8,0,0,1
BRDA:8,0,1,0
BRDA:8,1,0,1
BRDA:8,1,1,1
BRF:4
BRH:3
end_of_record
TN:
SF:src/settings/settings.service.ts
FN:6,maskDbUrl
FN:11,(anonymous_5)
FN:21,maskSecret
FN:29,(anonymous_7)
FN:31,(anonymous_8)
FN:42,(anonymous_9)
FN:46,(anonymous_10)
FN:53,(anonymous_11)
FN:60,(anonymous_12)
FN:72,(anonymous_13)
FN:79,(anonymous_14)
FN:81,(anonymous_15)
FNF:12
FNH:11
FNDA:3,maskDbUrl
FNDA:2,(anonymous_5)
FNDA:8,maskSecret
FNDA:12,(anonymous_7)
FNDA:1,(anonymous_8)
FNDA:1,(anonymous_9)
FNDA:1,(anonymous_10)
FNDA:1,(anonymous_11)
FNDA:1,(anonymous_12)
FNDA:0,(anonymous_13)
FNDA:3,(anonymous_14)
FNDA:3,(anonymous_15)
DA:1,2
DA:2,2
DA:3,2
DA:4,2
DA:6,2
DA:7,3
DA:9,2
DA:13,2
DA:16,2
DA:21,2
DA:22,8
DA:23,7
DA:24,4
DA:28,2
DA:29,12
DA:32,1
DA:43,1
DA:46,1
DA:54,1
DA:62,1
DA:65,1
DA:73,0
DA:80,3
DA:81,3
LF:24
LH:23
BRDA:7,0,0,1
BRDA:7,0,1,2
BRDA:13,1,0,2
BRDA:13,1,1,0
BRDA:22,2,0,1
BRDA:22,2,1,7
BRDA:23,3,0,3
BRDA:23,3,1,4
BRDA:62,4,0,1
BRDA:62,4,1,0
BRDA:62,4,2,0
BRDA:64,5,0,0
BRDA:64,5,1,0
BRDA:86,6,0,2
BRDA:86,6,1,1
BRDA:29,7,0,2
BRDA:29,7,1,0
BRDA:29,8,0,2
BRDA:29,8,1,2
BRF:19
BRH:13
end_of_record
TN:
SF:src/system/system.controller.ts
FN:10,(anonymous_4)
FN:13,(anonymous_5)
FN:15,(anonymous_6)
FNF:3
FNH:3
FNDA:3,(anonymous_4)
FNDA:2,(anonymous_5)
FNDA:2,(anonymous_6)
DA:1,1
DA:2,1
DA:3,1
DA:4,1
DA:5,1
DA:9,1
DA:10,3
DA:13,1
DA:14,2
DA:15,2
DA:21,2
LF:11
LH:11
BRDA:10,0,0,1
BRDA:10,0,1,0
BRDA:10,1,0,1
BRDA:10,1,1,1
BRF:4
BRH:3
end_of_record
TN:
SF:src/system/system.service.ts
FNF:0
FNH:0
DA:1,1
DA:4,1
LF:2
LH:2
BRF:0
BRH:0
end_of_record
TN:
SF:src/webhooks/webhooks.controller.ts
FN:15,(anonymous_4)
FN:21,(anonymous_5)
FN:68,(anonymous_6)
FNF:3
FNH:3
FNDA:10,(anonymous_4)
FNDA:5,(anonymous_5)
FNDA:5,(anonymous_6)
DA:1,1
DA:8,1
DA:9,1
DA:10,1
DA:11,1
DA:14,1
DA:16,10
DA:17,10
DA:21,1
DA:22,5
DA:23,5
DA:24,5
DA:25,5
DA:26,1
DA:29,4
DA:31,4
DA:33,3
DA:36,3
DA:37,2
DA:38,2
DA:41,2
DA:45,2
DA:47,2
DA:48,1
DA:56,1
DA:58,1
DA:64,1
DA:68,1
DA:69,5
DA:70,5
DA:71,5
DA:72,5
DA:73,1
DA:76,4
DA:78,4
DA:80,3
DA:83,3
DA:84,2
DA:85,2
DA:88,2
DA:92,2
DA:94,2
DA:95,1
DA:103,1
DA:105,1
DA:111,1
LF:46
LH:46
BRDA:23,0,0,5
BRDA:23,0,1,0
BRDA:25,1,0,1
BRDA:25,1,1,4
BRDA:25,2,0,5
BRDA:25,2,1,5
BRDA:29,3,0,4
BRDA:29,3,1,1
BRDA:29,4,0,4
BRDA:29,4,1,1
BRDA:29,4,2,1
BRDA:29,4,3,1
BRDA:31,5,0,1
BRDA:31,5,1,3
BRDA:36,6,0,1
BRDA:36,6,1,2
BRDA:38,7,0,1
BRDA:38,7,1,1
BRDA:41,8,0,0
BRDA:41,8,1,2
BRDA:45,9,0,2
BRDA:45,9,1,1
BRDA:45,9,2,1
BRDA:45,9,3,1
BRDA:45,9,4,0
BRDA:47,10,0,1
BRDA:47,10,1,1
BRDA:70,11,0,5
BRDA:70,11,1,0
BRDA:72,12,0,1
BRDA:72,12,1,4
BRDA:72,13,0,5
BRDA:72,13,1,5
BRDA:76,14,0,4
BRDA:76,14,1,1
BRDA:76,15,0,4
BRDA:76,15,1,1
BRDA:76,15,2,1
BRDA:76,15,3,1
BRDA:78,16,0,1
BRDA:78,16,1,3
BRDA:83,17,0,1
BRDA:83,17,1,2
BRDA:85,18,0,1
BRDA:85,18,1,1
BRDA:88,19,0,0
BRDA:88,19,1,2
BRDA:92,20,0,2
BRDA:92,20,1,1
BRDA:92,20,2,1
BRDA:92,20,3,1
BRDA:92,20,4,0
BRDA:94,21,0,1
BRDA:94,21,1,1
BRDA:16,22,0,1
BRDA:16,22,1,0
BRDA:16,23,0,1
BRDA:16,23,1,1
BRDA:16,24,0,1
BRDA:16,24,1,0
BRDA:16,25,0,1
BRDA:16,25,1,1
BRF:62
BRH:54
end_of_record
TN:
SF:src/worker/worker.service.ts
FN:34,(anonymous_5)
FN:40,(anonymous_6)
FN:50,(anonymous_7)
FN:60,(anonymous_8)
FN:66,(anonymous_9)
FN:71,(anonymous_10)
FNF:6
FNH:6
FNDA:6,(anonymous_5)
FNDA:6,(anonymous_6)
FNDA:3,(anonymous_7)
FNDA:1,(anonymous_8)
FNDA:1,(anonymous_9)
FNDA:3,(anonymous_10)
DA:1,2
DA:8,2
DA:9,2
DA:10,2
DA:11,2
DA:12,2
DA:13,2
DA:24,2
DA:27,2
DA:28,6
DA:35,6
DA:36,6
DA:37,6
DA:41,6
DA:42,6
DA:45,6
DA:48,6
DA:51,3
DA:57,6
DA:61,1
DA:62,1
DA:63,1
DA:67,1
DA:68,1
DA:72,3
DA:73,3
DA:76,3
DA:77,3
DA:89,3
DA:90,3
DA:91,3
DA:93,0
LF:32
LH:31
BRDA:73,0,0,2
BRDA:73,0,1,1
BRDA:78,1,0,3
BRDA:78,1,1,1
BRDA:78,1,2,1
BRDA:80,2,0,3
BRDA:80,2,1,3
BRDA:84,3,0,3
BRDA:84,3,1,3
BRDA:87,4,0,3
BRDA:87,4,1,2
BRDA:89,5,0,1
BRDA:89,5,1,2
BRDA:90,6,0,2
BRDA:90,6,1,1
BRDA:35,7,0,2
BRDA:35,7,1,0
BRDA:35,8,0,2
BRDA:35,8,1,2
BRDA:35,9,0,2
BRDA:35,9,1,0
BRDA:35,10,0,2
BRDA:35,10,1,2
BRDA:36,11,0,2
BRDA:36,11,1,0
BRDA:36,12,0,2
BRDA:36,12,1,2
BRF:27
BRH:24
end_of_record
TN:
SF:src/ws/ws.gateway.ts
FN:33,(anonymous_5)
FN:35,(anonymous_6)
FN:39,(anonymous_7)
FN:44,(anonymous_8)
FN:62,(anonymous_9)
FN:67,(anonymous_10)
FN:71,(anonymous_11)
FN:72,(anonymous_12)
FN:76,(anonymous_13)
FN:79,(anonymous_14)
FN:83,(anonymous_15)
FN:87,(anonymous_16)
FNF:12
FNH:11
FNDA:14,(anonymous_5)
FNDA:1,(anonymous_6)
FNDA:5,(anonymous_7)
FNDA:3,(anonymous_8)
FNDA:1,(anonymous_9)
FNDA:1,(anonymous_10)
FNDA:1,(anonymous_11)
FNDA:1,(anonymous_12)
FNDA:0,(anonymous_13)
FNDA:1,(anonymous_14)
FNDA:1,(anonymous_15)
FNDA:5,(anonymous_16)
DA:1,11
DA:8,11
DA:9,11
DA:10,11
DA:13,11
DA:22,11
DA:24,14
DA:27,14
DA:28,14
DA:29,14
DA:30,14
DA:31,14
DA:33,14
DA:36,1
DA:40,5
DA:41,5
DA:42,5
DA:43,5
DA:44,5
DA:45,3
DA:46,3
DA:47,3
DA:48,2
DA:49,1
DA:50,1
DA:51,1
DA:53,1
DA:56,1
DA:63,1
DA:64,1
DA:68,1
DA:69,1
DA:71,1
DA:73,1
DA:74,1
DA:76,0
DA:80,1
DA:84,1
DA:88,5
DA:89,2
DA:90,2
DA:92,3
DA:94,1
DA:95,1
DA:96,1
DA:97,1
DA:98,1
DA:100,1
DA:109,2
DA:110,1
DA:111,1
DA:112,1
DA:114,2
LF:53
LH:52
BRDA:45,0,0,3
BRDA:45,0,1,0
BRDA:48,1,0,1
BRDA:48,1,1,1
BRDA:48,2,0,2
BRDA:48,2,1,1
BRDA:63,3,0,1
BRDA:63,3,1,0
BRDA:64,4,0,1
BRDA:64,4,1,0
BRDA:71,5,0,1
BRDA:71,5,1,0
BRDA:87,6,0,3
BRDA:88,7,0,2
BRDA:88,7,1,3
BRDA:92,8,0,1
BRDA:92,8,1,2
BRDA:94,9,0,1
BRDA:94,9,1,0
BRDA:103,10,0,1
BRDA:103,10,1,0
BRDA:109,11,0,1
BRDA:109,11,1,1
BRDA:22,12,0,11
BRDA:22,12,1,0
BRDA:22,13,0,11
BRDA:22,13,1,11
BRDA:12,14,0,11
BRDA:12,14,1,11
BRDA:33,15,0,11
BRDA:33,15,1,0
BRDA:33,16,0,11
BRDA:33,16,1,11
BRF:33
BRH:25
end_of_record
